{"name": "test_add_to_cart_items", "status": "broken", "statusDetails": {"message": "selenium.common.exceptions.TimeoutException: Message: \nStacktrace:\n0   chromedriver                        0x00000001028a24c8 chromedriver + 4302024\n1   chromedriver                        0x000000010289ae10 chromedriver + 4271632\n2   chromedriver                        0x00000001024cc19c chromedriver + 278940\n3   chromedriver                        0x000000010250e2c4 chromedriver + 549572\n4   chromedriver                        0x0000000102546c5c chromedriver + 781404\n5   chromedriver                        0x0000000102503004 chromedriver + 503812\n6   chromedriver                        0x00000001025039ec chromedriver + 506348\n7   chromedriver                        0x000000010286a510 chromedriver + 4072720\n8   chromedriver                        0x000000010286efbc chromedriver + 4091836\n9   chromedriver                        0x0000000102851754 chromedriver + 3970900\n10  chromedriver                        0x000000010286f8a4 chromedriver + 4094116\n11  chromedriver                        0x00000001028446d4 chromedriver + 3917524\n12  chromedriver                        0x000000010288cb08 chromedriver + 4213512\n13  chromedriver                        0x000000010288cc84 chromedriver + 4213892\n14  chromedriver                        0x000000010289aa08 chromedriver + 4270600\n15  libsystem_pthread.dylib             0x000000018adec26c _pthread_start + 148\n16  libsystem_pthread.dylib             0x000000018ade708c thread_start + 8", "trace": "self = <Tests.test_homepage.TestHomepage object at 0x104be9d10>\ndriver = <selenium.webdriver.chrome.webdriver.WebDriver (session=\"c0cda89f5e6ef4629b8bd13a3526e96b\")>\n\n    def test_add_to_cart_items(self, driver):\n        homepage = Homepage(driver)\n        homepage.add_to_cart_1()\n        homepage.add_tocart_2()\n        homepage.click_on_cart()\n        time.sleep(5)\n        homepage.get_cart_items()\n        expected_count = 2\n        try:\n            actual_count = homepage.get_cart_items()\n            assert actual_count == expected_count\n        except Exception as e:\n            print(f\"there is an error in the count of items in the cart, PO please check\", {e})\n    \n        homepage.click_on_check_out()\n        homepage.add_add_details(\"Chethan\", \"gopal\", \"562106\")\n>       homepage.click_continue()\n\ntest_homepage.py:39: \n_ _ _ _ _ _ _ _ _ _ _ _ _ _ _ _ _ _ _ _ _ _ _ _ _ _ _ _ _ _ _ _ _ _ _ _ _ _ _ _ \n../Pages/homePage.py:43: in click_continue\n    self.click(self.FINISH_BUTTON)\n../Pages/basePage.py:20: in click\n    element = WebDriverWait(self.driver, 20).until(ec.element_to_be_clickable(locator))\n_ _ _ _ _ _ _ _ _ _ _ _ _ _ _ _ _ _ _ _ _ _ _ _ _ _ _ _ _ _ _ _ _ _ _ _ _ _ _ _ \n\nself = <selenium.webdriver.support.wait.WebDriverWait (session=\"c0cda89f5e6ef4629b8bd13a3526e96b\")>\nmethod = <function element_to_be_clickable.<locals>._predicate at 0x104d53380>\nmessage = ''\n\n    def until(self, method: Callable[[D], Union[Literal[False], T]], message: str = \"\") -> T:\n        \"\"\"Calls the method provided with the driver as an argument until the \\\n        return value does not evaluate to ``False``.\n    \n        :param method: callable(WebDriver)\n        :param message: optional message for :exc:`TimeoutException`\n        :returns: the result of the last call to `method`\n        :raises: :exc:`selenium.common.exceptions.TimeoutException` if timeout occurs\n        \"\"\"\n        screen = None\n        stacktrace = None\n    \n        end_time = time.monotonic() + self._timeout\n        while True:\n            try:\n                value = method(self._driver)\n                if value:\n                    return value\n            except self._ignored_exceptions as exc:\n                screen = getattr(exc, \"screen\", None)\n                stacktrace = getattr(exc, \"stacktrace\", None)\n            time.sleep(self._poll)\n            if time.monotonic() > end_time:\n                break\n>       raise TimeoutException(message, screen, stacktrace)\nE       selenium.common.exceptions.TimeoutException: Message: \nE       Stacktrace:\nE       0   chromedriver                        0x00000001028a24c8 chromedriver + 4302024\nE       1   chromedriver                        0x000000010289ae10 chromedriver + 4271632\nE       2   chromedriver                        0x00000001024cc19c chromedriver + 278940\nE       3   chromedriver                        0x000000010250e2c4 chromedriver + 549572\nE       4   chromedriver                        0x0000000102546c5c chromedriver + 781404\nE       5   chromedriver                        0x0000000102503004 chromedriver + 503812\nE       6   chromedriver                        0x00000001025039ec chromedriver + 506348\nE       7   chromedriver                        0x000000010286a510 chromedriver + 4072720\nE       8   chromedriver                        0x000000010286efbc chromedriver + 4091836\nE       9   chromedriver                        0x0000000102851754 chromedriver + 3970900\nE       10  chromedriver                        0x000000010286f8a4 chromedriver + 4094116\nE       11  chromedriver                        0x00000001028446d4 chromedriver + 3917524\nE       12  chromedriver                        0x000000010288cb08 chromedriver + 4213512\nE       13  chromedriver                        0x000000010288cc84 chromedriver + 4213892\nE       14  chromedriver                        0x000000010289aa08 chromedriver + 4270600\nE       15  libsystem_pthread.dylib             0x000000018adec26c _pthread_start + 148\nE       16  libsystem_pthread.dylib             0x000000018ade708c thread_start + 8\n\n../.venv/lib/python3.11/site-packages/selenium/webdriver/support/wait.py:105: TimeoutException"}, "attachments": [{"name": "log", "source": "32daa330-f503-4098-bc81-71511e5f6596-attachment.txt", "type": "text/plain"}, {"name": "stderr", "source": "77481a81-2c51-42cc-aa1c-8dcd040fe685-attachment.txt", "type": "text/plain"}], "start": 1717190615051, "stop": 1717190640392, "uuid": "059aa434-c05e-43b4-b29e-c970dff9eac6", "historyId": "8810bb5726cbc5addc32aeb789336459", "testCaseId": "8810bb5726cbc5addc32aeb789336459", "fullName": "Tests.test_homepage.TestHomepage#test_add_to_cart_items", "labels": [{"name": "tag", "value": "sanity"}, {"name": "parentSuite", "value": "Tests"}, {"name": "suite", "value": "test_homepage"}, {"name": "subSuite", "value": "TestHomepage"}, {"name": "host", "value": "Chethans-MacBook-Pro.local"}, {"name": "thread", "value": "22242-MainThread"}, {"name": "framework", "value": "pytest"}, {"name": "language", "value": "cpython3"}, {"name": "package", "value": "Tests.test_homepage"}]}