{"name": "test_login_page", "status": "broken", "statusDetails": {"message": "selenium.common.exceptions.TimeoutException: Message: \nStacktrace:\n0   chromedriver                        0x00000001045324c8 chromedriver + 4302024\n1   chromedriver                        0x000000010452ae10 chromedriver + 4271632\n2   chromedriver                        0x000000010415c19c chromedriver + 278940\n3   chromedriver                        0x000000010419e2c4 chromedriver + 549572\n4   chromedriver                        0x00000001041d6c5c chromedriver + 781404\n5   chromedriver                        0x0000000104193004 chromedriver + 503812\n6   chromedriver                        0x00000001041939ec chromedriver + 506348\n7   chromedriver                        0x00000001044fa510 chromedriver + 4072720\n8   chromedriver                        0x00000001044fefbc chromedriver + 4091836\n9   chromedriver                        0x00000001044e1754 chromedriver + 3970900\n10  chromedriver                        0x00000001044ff8a4 chromedriver + 4094116\n11  chromedriver                        0x00000001044d46d4 chromedriver + 3917524\n12  chromedriver                        0x000000010451cb08 chromedriver + 4213512\n13  chromedriver                        0x000000010451cc84 chromedriver + 4213892\n14  chromedriver                        0x000000010452aa08 chromedriver + 4270600\n15  libsystem_pthread.dylib             0x000000018adec26c _pthread_start + 148\n16  libsystem_pthread.dylib             0x000000018ade708c thread_start + 8", "trace": "self = <Tests.test_login.TestLogin object at 0x1041c0550>, driver = <selenium.webdriver.chrome.webdriver.WebDriver (session=\"bd1a5e635f7771cf604793f1a4f430b2\")>\ncredentials = ('standard_user', 'secret_sauce')\n\n    @pytest.mark.sanity\n    def test_login_page(self, driver, credentials):\n        # logger getting started\n    \n        uname, password = credentials\n        logger.info(\"Login functionality started\")\n        loginpage = LoginPage(driver)\n>       loginpage.do_login(uname, password)\n\ntest_login.py:22: \n_ _ _ _ _ _ _ _ _ _ _ _ _ _ _ _ _ _ _ _ _ _ _ _ _ _ _ _ _ _ _ _ _ _ _ _ _ _ _ _ _ _ _ _ _ _ _ _ _ _ _ _ _ _ _ _ _ _ _ _ _ _ _ _ _ _ _ _ _ _ _ _ _ _ _ _ _ _ _ _ _ _ _ _ _ _ \n../Pages/loginPage.py:23: in do_login\n    self.click(self.LOGIN_CLICK)\n../Pages/basePage.py:20: in click\n    element = WebDriverWait(self.driver, 20).until(ec.element_to_be_clickable(locator))\n_ _ _ _ _ _ _ _ _ _ _ _ _ _ _ _ _ _ _ _ _ _ _ _ _ _ _ _ _ _ _ _ _ _ _ _ _ _ _ _ _ _ _ _ _ _ _ _ _ _ _ _ _ _ _ _ _ _ _ _ _ _ _ _ _ _ _ _ _ _ _ _ _ _ _ _ _ _ _ _ _ _ _ _ _ _ \n\nself = <selenium.webdriver.support.wait.WebDriverWait (session=\"bd1a5e635f7771cf604793f1a4f430b2\")>\nmethod = <function element_to_be_clickable.<locals>._predicate at 0x1041b85e0>, message = ''\n\n    def until(self, method: Callable[[D], Union[Literal[False], T]], message: str = \"\") -> T:\n        \"\"\"Calls the method provided with the driver as an argument until the \\\n        return value does not evaluate to ``False``.\n    \n        :param method: callable(WebDriver)\n        :param message: optional message for :exc:`TimeoutException`\n        :returns: the result of the last call to `method`\n        :raises: :exc:`selenium.common.exceptions.TimeoutException` if timeout occurs\n        \"\"\"\n        screen = None\n        stacktrace = None\n    \n        end_time = time.monotonic() + self._timeout\n        while True:\n            try:\n                value = method(self._driver)\n                if value:\n                    return value\n            except self._ignored_exceptions as exc:\n                screen = getattr(exc, \"screen\", None)\n                stacktrace = getattr(exc, \"stacktrace\", None)\n            time.sleep(self._poll)\n            if time.monotonic() > end_time:\n                break\n>       raise TimeoutException(message, screen, stacktrace)\nE       selenium.common.exceptions.TimeoutException: Message: \nE       Stacktrace:\nE       0   chromedriver                        0x00000001045324c8 chromedriver + 4302024\nE       1   chromedriver                        0x000000010452ae10 chromedriver + 4271632\nE       2   chromedriver                        0x000000010415c19c chromedriver + 278940\nE       3   chromedriver                        0x000000010419e2c4 chromedriver + 549572\nE       4   chromedriver                        0x00000001041d6c5c chromedriver + 781404\nE       5   chromedriver                        0x0000000104193004 chromedriver + 503812\nE       6   chromedriver                        0x00000001041939ec chromedriver + 506348\nE       7   chromedriver                        0x00000001044fa510 chromedriver + 4072720\nE       8   chromedriver                        0x00000001044fefbc chromedriver + 4091836\nE       9   chromedriver                        0x00000001044e1754 chromedriver + 3970900\nE       10  chromedriver                        0x00000001044ff8a4 chromedriver + 4094116\nE       11  chromedriver                        0x00000001044d46d4 chromedriver + 3917524\nE       12  chromedriver                        0x000000010451cb08 chromedriver + 4213512\nE       13  chromedriver                        0x000000010451cc84 chromedriver + 4213892\nE       14  chromedriver                        0x000000010452aa08 chromedriver + 4270600\nE       15  libsystem_pthread.dylib             0x000000018adec26c _pthread_start + 148\nE       16  libsystem_pthread.dylib             0x000000018ade708c thread_start + 8\n\n../.venv/lib/python3.11/site-packages/selenium/webdriver/support/wait.py:105: TimeoutException"}, "attachments": [{"name": "log", "source": "579e15d1-dbd9-4bcc-8ffa-d1827e735afe-attachment.txt", "type": "text/plain"}, {"name": "stderr", "source": "54730b00-a61c-4029-8743-d6e4b98dfe76-attachment.txt", "type": "text/plain"}], "start": 1717190959159, "stop": 1717190979398, "uuid": "d4055ae5-354a-43f4-a1d2-c0b15187c0fe", "historyId": "459abe39eb641c9b302691a3888460a3", "testCaseId": "459abe39eb641c9b302691a3888460a3", "fullName": "Tests.test_login.TestLogin#test_login_page", "labels": [{"name": "tag", "value": "sanity"}, {"name": "tag", "value": "@pytest.mark.usefixtures('driver')"}, {"name": "parentSuite", "value": "Tests"}, {"name": "suite", "value": "test_login"}, {"name": "subSuite", "value": "TestLogin"}, {"name": "host", "value": "Chethans-MacBook-Pro.local"}, {"name": "thread", "value": "22605-MainThread"}, {"name": "framework", "value": "pytest"}, {"name": "language", "value": "cpython3"}, {"name": "package", "value": "Tests.test_login"}]}