{"name": "test_logout", "status": "broken", "statusDetails": {"message": "selenium.common.exceptions.TimeoutException: Message: \nStacktrace:\nRemoteError@chrome://remote/content/shared/RemoteError.sys.mjs:8:8\nWebDriverError@chrome://remote/content/shared/webdriver/Errors.sys.mjs:191:5\nNoSuchElementError@chrome://remote/content/shared/webdriver/Errors.sys.mjs:509:5\ndom.find/</<@chrome://remote/content/shared/DOM.sys.mjs:136:16", "trace": "self = <Tests.test_login.TestLogin object at 0x110372290>\ndriver = <selenium.webdriver.firefox.webdriver.WebDriver (session=\"76724628-c14c-45d1-8dd6-04c7f7bc77a8\")>\n\n    @pytest.mark.sanity\n    def test_logout(self, driver):\n        logout = Logout(driver)\n        time.sleep(5)\n>       logout.click_Ham_and_logout_button()\n\ntest_login.py:28: \n_ _ _ _ _ _ _ _ _ _ _ _ _ _ _ _ _ _ _ _ _ _ _ _ _ _ _ _ _ _ _ _ _ _ _ _ _ _ _ _ \n../Pages/logoutPage.py:16: in click_Ham_and_logout_button\n    self.click(self.HAMBURGER_MENU)\n../Pages/basePage.py:20: in click\n    element = WebDriverWait(self.driver, 10).until(ec.element_to_be_clickable(locator))\n_ _ _ _ _ _ _ _ _ _ _ _ _ _ _ _ _ _ _ _ _ _ _ _ _ _ _ _ _ _ _ _ _ _ _ _ _ _ _ _ \n\nself = <selenium.webdriver.support.wait.WebDriverWait (session=\"76724628-c14c-45d1-8dd6-04c7f7bc77a8\")>\nmethod = <function element_to_be_clickable.<locals>._predicate at 0x107ce2340>\nmessage = ''\n\n    def until(self, method: Callable[[D], Union[Literal[False], T]], message: str = \"\") -> T:\n        \"\"\"Calls the method provided with the driver as an argument until the \\\n        return value does not evaluate to ``False``.\n    \n        :param method: callable(WebDriver)\n        :param message: optional message for :exc:`TimeoutException`\n        :returns: the result of the last call to `method`\n        :raises: :exc:`selenium.common.exceptions.TimeoutException` if timeout occurs\n        \"\"\"\n        screen = None\n        stacktrace = None\n    \n        end_time = time.monotonic() + self._timeout\n        while True:\n            try:\n                value = method(self._driver)\n                if value:\n                    return value\n            except self._ignored_exceptions as exc:\n                screen = getattr(exc, \"screen\", None)\n                stacktrace = getattr(exc, \"stacktrace\", None)\n            time.sleep(self._poll)\n            if time.monotonic() > end_time:\n                break\n>       raise TimeoutException(message, screen, stacktrace)\nE       selenium.common.exceptions.TimeoutException: Message: \nE       Stacktrace:\nE       RemoteError@chrome://remote/content/shared/RemoteError.sys.mjs:8:8\nE       WebDriverError@chrome://remote/content/shared/webdriver/Errors.sys.mjs:191:5\nE       NoSuchElementError@chrome://remote/content/shared/webdriver/Errors.sys.mjs:509:5\nE       dom.find/</<@chrome://remote/content/shared/DOM.sys.mjs:136:16\n\n../.venv/lib/python3.11/site-packages/selenium/webdriver/support/wait.py:105: TimeoutException"}, "start": 1717188169806, "stop": 1717188184993, "uuid": "59167c90-d1a5-48a3-bf88-51320d83f366", "historyId": "316ef908ee5b579d92b7dd34c0b9c503", "testCaseId": "316ef908ee5b579d92b7dd34c0b9c503", "fullName": "Tests.test_login.TestLogin#test_logout", "labels": [{"name": "tag", "value": "sanity"}, {"name": "tag", "value": "@pytest.mark.usefixtures('driver')"}, {"name": "parentSuite", "value": "Tests"}, {"name": "suite", "value": "test_login"}, {"name": "subSuite", "value": "TestLogin"}, {"name": "host", "value": "Chethans-MacBook-Pro.local"}, {"name": "thread", "value": "17971-MainThread"}, {"name": "framework", "value": "pytest"}, {"name": "language", "value": "cpython3"}, {"name": "package", "value": "Tests.test_login"}]}