{"name": "test_add_to_cart_items", "status": "broken", "statusDetails": {"message": "selenium.common.exceptions.TimeoutException: Message: \nStacktrace:\n0   chromedriver                        0x00000001031fe4c8 chromedriver + 4302024\n1   chromedriver                        0x00000001031f6e10 chromedriver + 4271632\n2   chromedriver                        0x0000000102e2819c chromedriver + 278940\n3   chromedriver                        0x0000000102e6a2c4 chromedriver + 549572\n4   chromedriver                        0x0000000102ea2c5c chromedriver + 781404\n5   chromedriver                        0x0000000102e5f004 chromedriver + 503812\n6   chromedriver                        0x0000000102e5f9ec chromedriver + 506348\n7   chromedriver                        0x00000001031c6510 chromedriver + 4072720\n8   chromedriver                        0x00000001031cafbc chromedriver + 4091836\n9   chromedriver                        0x00000001031ad754 chromedriver + 3970900\n10  chromedriver                        0x00000001031cb8a4 chromedriver + 4094116\n11  chromedriver                        0x00000001031a06d4 chromedriver + 3917524\n12  chromedriver                        0x00000001031e8b08 chromedriver + 4213512\n13  chromedriver                        0x00000001031e8c84 chromedriver + 4213892\n14  chromedriver                        0x00000001031f6a08 chromedriver + 4270600\n15  libsystem_pthread.dylib             0x000000018adec26c _pthread_start + 148\n16  libsystem_pthread.dylib             0x000000018ade708c thread_start + 8", "trace": "self = <Tests.test_homepage.TestHomepage object at 0x102179a90>\ndriver = <selenium.webdriver.chrome.webdriver.WebDriver (session=\"eb0470d7ead292f4f9490311fbb364af\")>\n\n    def test_add_to_cart_items(self, driver):\n        homepage = Homepage(driver)\n        homepage.add_to_cart_1()\n        homepage.add_tocart_2()\n        homepage.click_on_cart()\n        time.sleep(5)\n        homepage.get_cart_items()\n        expected_count = 2\n        try:\n            actual_count = homepage.get_cart_items()\n            assert actual_count == expected_count\n        except Exception as e:\n            print(f\"there is an error in the count of items in the cart, PO please check\", {e})\n    \n        homepage.click_on_check_out()\n        homepage.add_add_details(\"Chethan\", \"gopal\", \"562106\")\n>       homepage.click_continue()\n\ntest_homepage.py:39: \n_ _ _ _ _ _ _ _ _ _ _ _ _ _ _ _ _ _ _ _ _ _ _ _ _ _ _ _ _ _ _ _ _ _ _ _ _ _ _ _ \n../Pages/homePage.py:43: in click_continue\n    self.click(self.FINISH_BUTTON)\n../Pages/basePage.py:20: in click\n    element = WebDriverWait(self.driver, 20).until(ec.element_to_be_clickable(locator))\n_ _ _ _ _ _ _ _ _ _ _ _ _ _ _ _ _ _ _ _ _ _ _ _ _ _ _ _ _ _ _ _ _ _ _ _ _ _ _ _ \n\nself = <selenium.webdriver.support.wait.WebDriverWait (session=\"eb0470d7ead292f4f9490311fbb364af\")>\nmethod = <function element_to_be_clickable.<locals>._predicate at 0x102a27240>\nmessage = ''\n\n    def until(self, method: Callable[[D], Union[Literal[False], T]], message: str = \"\") -> T:\n        \"\"\"Calls the method provided with the driver as an argument until the \\\n        return value does not evaluate to ``False``.\n    \n        :param method: callable(WebDriver)\n        :param message: optional message for :exc:`TimeoutException`\n        :returns: the result of the last call to `method`\n        :raises: :exc:`selenium.common.exceptions.TimeoutException` if timeout occurs\n        \"\"\"\n        screen = None\n        stacktrace = None\n    \n        end_time = time.monotonic() + self._timeout\n        while True:\n            try:\n                value = method(self._driver)\n                if value:\n                    return value\n            except self._ignored_exceptions as exc:\n                screen = getattr(exc, \"screen\", None)\n                stacktrace = getattr(exc, \"stacktrace\", None)\n            time.sleep(self._poll)\n            if time.monotonic() > end_time:\n                break\n>       raise TimeoutException(message, screen, stacktrace)\nE       selenium.common.exceptions.TimeoutException: Message: \nE       Stacktrace:\nE       0   chromedriver                        0x00000001031fe4c8 chromedriver + 4302024\nE       1   chromedriver                        0x00000001031f6e10 chromedriver + 4271632\nE       2   chromedriver                        0x0000000102e2819c chromedriver + 278940\nE       3   chromedriver                        0x0000000102e6a2c4 chromedriver + 549572\nE       4   chromedriver                        0x0000000102ea2c5c chromedriver + 781404\nE       5   chromedriver                        0x0000000102e5f004 chromedriver + 503812\nE       6   chromedriver                        0x0000000102e5f9ec chromedriver + 506348\nE       7   chromedriver                        0x00000001031c6510 chromedriver + 4072720\nE       8   chromedriver                        0x00000001031cafbc chromedriver + 4091836\nE       9   chromedriver                        0x00000001031ad754 chromedriver + 3970900\nE       10  chromedriver                        0x00000001031cb8a4 chromedriver + 4094116\nE       11  chromedriver                        0x00000001031a06d4 chromedriver + 3917524\nE       12  chromedriver                        0x00000001031e8b08 chromedriver + 4213512\nE       13  chromedriver                        0x00000001031e8c84 chromedriver + 4213892\nE       14  chromedriver                        0x00000001031f6a08 chromedriver + 4270600\nE       15  libsystem_pthread.dylib             0x000000018adec26c _pthread_start + 148\nE       16  libsystem_pthread.dylib             0x000000018ade708c thread_start + 8\n\n../.venv/lib/python3.11/site-packages/selenium/webdriver/support/wait.py:105: TimeoutException"}, "attachments": [{"name": "log", "source": "09ff8569-2852-4f7c-877f-69a6f520bfcb-attachment.txt", "type": "text/plain"}, {"name": "stderr", "source": "230ab327-d354-4882-884d-13d7cdf39932-attachment.txt", "type": "text/plain"}], "start": 1717190349538, "stop": 1717190374923, "uuid": "b2e021cc-1240-4aa3-94c1-e602bffd8f49", "historyId": "8810bb5726cbc5addc32aeb789336459", "testCaseId": "8810bb5726cbc5addc32aeb789336459", "fullName": "Tests.test_homepage.TestHomepage#test_add_to_cart_items", "labels": [{"name": "tag", "value": "sanity"}, {"name": "parentSuite", "value": "Tests"}, {"name": "suite", "value": "test_homepage"}, {"name": "subSuite", "value": "TestHomepage"}, {"name": "host", "value": "Chethans-MacBook-Pro.local"}, {"name": "thread", "value": "21969-MainThread"}, {"name": "framework", "value": "pytest"}, {"name": "language", "value": "cpython3"}, {"name": "package", "value": "Tests.test_homepage"}]}