{"name": "test_add_to_cart_items", "status": "broken", "statusDetails": {"message": "selenium.common.exceptions.TimeoutException: Message: \nStacktrace:\n0   chromedriver                        0x0000000102fba4c8 chromedriver + 4302024\n1   chromedriver                        0x0000000102fb2e10 chromedriver + 4271632\n2   chromedriver                        0x0000000102be419c chromedriver + 278940\n3   chromedriver                        0x0000000102c262c4 chromedriver + 549572\n4   chromedriver                        0x0000000102c5ec5c chromedriver + 781404\n5   chromedriver                        0x0000000102c1b004 chromedriver + 503812\n6   chromedriver                        0x0000000102c1b9ec chromedriver + 506348\n7   chromedriver                        0x0000000102f82510 chromedriver + 4072720\n8   chromedriver                        0x0000000102f86fbc chromedriver + 4091836\n9   chromedriver                        0x0000000102f69754 chromedriver + 3970900\n10  chromedriver                        0x0000000102f878a4 chromedriver + 4094116\n11  chromedriver                        0x0000000102f5c6d4 chromedriver + 3917524\n12  chromedriver                        0x0000000102fa4b08 chromedriver + 4213512\n13  chromedriver                        0x0000000102fa4c84 chromedriver + 4213892\n14  chromedriver                        0x0000000102fb2a08 chromedriver + 4270600\n15  libsystem_pthread.dylib             0x000000019092826c _pthread_start + 148\n16  libsystem_pthread.dylib             0x000000019092308c thread_start + 8", "trace": "self = <Tests.test_homepage.TestHomepage object at 0x106329890>, driver = <selenium.webdriver.chrome.webdriver.WebDriver (session=\"5c5e3a241b16e2e65063ffb1d1bce382\")>\n\n    def test_add_to_cart_items(self, driver):\n        homepage = Homepage(driver)\n>       homepage.check_filter()\n\ntest_homepage.py:25: \n_ _ _ _ _ _ _ _ _ _ _ _ _ _ _ _ _ _ _ _ _ _ _ _ _ _ _ _ _ _ _ _ _ _ _ _ _ _ _ _ _ _ _ _ _ _ _ _ _ _ _ _ _ _ _ _ _ _ _ _ _ _ _ _ _ _ _ _ _ _ _ _ _ _ _ _ _ _ _ _ _ _ _ _ _ _ \n../Pages/homePage.py:25: in check_filter\n    self.click(self.FILTER_BUTTON)\n../Pages/basePage.py:20: in click\n    element = WebDriverWait(self.driver, 20).until(ec.element_to_be_clickable(locator))\n_ _ _ _ _ _ _ _ _ _ _ _ _ _ _ _ _ _ _ _ _ _ _ _ _ _ _ _ _ _ _ _ _ _ _ _ _ _ _ _ _ _ _ _ _ _ _ _ _ _ _ _ _ _ _ _ _ _ _ _ _ _ _ _ _ _ _ _ _ _ _ _ _ _ _ _ _ _ _ _ _ _ _ _ _ _ \n\nself = <selenium.webdriver.support.wait.WebDriverWait (session=\"5c5e3a241b16e2e65063ffb1d1bce382\")>\nmethod = <function element_to_be_clickable.<locals>._predicate at 0x106669800>, message = ''\n\n    def until(self, method: Callable[[D], Union[Literal[False], T]], message: str = \"\") -> T:\n        \"\"\"Calls the method provided with the driver as an argument until the \\\n        return value does not evaluate to ``False``.\n    \n        :param method: callable(WebDriver)\n        :param message: optional message for :exc:`TimeoutException`\n        :returns: the result of the last call to `method`\n        :raises: :exc:`selenium.common.exceptions.TimeoutException` if timeout occurs\n        \"\"\"\n        screen = None\n        stacktrace = None\n    \n        end_time = time.monotonic() + self._timeout\n        while True:\n            try:\n                value = method(self._driver)\n                if value:\n                    return value\n            except self._ignored_exceptions as exc:\n                screen = getattr(exc, \"screen\", None)\n                stacktrace = getattr(exc, \"stacktrace\", None)\n            time.sleep(self._poll)\n            if time.monotonic() > end_time:\n                break\n>       raise TimeoutException(message, screen, stacktrace)\nE       selenium.common.exceptions.TimeoutException: Message: \nE       Stacktrace:\nE       0   chromedriver                        0x0000000102fba4c8 chromedriver + 4302024\nE       1   chromedriver                        0x0000000102fb2e10 chromedriver + 4271632\nE       2   chromedriver                        0x0000000102be419c chromedriver + 278940\nE       3   chromedriver                        0x0000000102c262c4 chromedriver + 549572\nE       4   chromedriver                        0x0000000102c5ec5c chromedriver + 781404\nE       5   chromedriver                        0x0000000102c1b004 chromedriver + 503812\nE       6   chromedriver                        0x0000000102c1b9ec chromedriver + 506348\nE       7   chromedriver                        0x0000000102f82510 chromedriver + 4072720\nE       8   chromedriver                        0x0000000102f86fbc chromedriver + 4091836\nE       9   chromedriver                        0x0000000102f69754 chromedriver + 3970900\nE       10  chromedriver                        0x0000000102f878a4 chromedriver + 4094116\nE       11  chromedriver                        0x0000000102f5c6d4 chromedriver + 3917524\nE       12  chromedriver                        0x0000000102fa4b08 chromedriver + 4213512\nE       13  chromedriver                        0x0000000102fa4c84 chromedriver + 4213892\nE       14  chromedriver                        0x0000000102fb2a08 chromedriver + 4270600\nE       15  libsystem_pthread.dylib             0x000000019092826c _pthread_start + 148\nE       16  libsystem_pthread.dylib             0x000000019092308c thread_start + 8\n\n../.venv/lib/python3.11/site-packages/selenium/webdriver/support/wait.py:105: TimeoutException"}, "attachments": [{"name": "log", "source": "b8f88645-948b-4fde-ad14-a34eac738d71-attachment.txt", "type": "text/plain"}, {"name": "stderr", "source": "472defa8-cb05-4d25-a5a5-781f142ebac8-attachment.txt", "type": "text/plain"}], "start": 1718239773762, "stop": 1718239793823, "uuid": "df40e2e8-81e6-4323-9520-9c0b13fc94be", "historyId": "8810bb5726cbc5addc32aeb789336459", "testCaseId": "8810bb5726cbc5addc32aeb789336459", "fullName": "Tests.test_homepage.TestHomepage#test_add_to_cart_items", "labels": [{"name": "tag", "value": "sanity"}, {"name": "parentSuite", "value": "Tests"}, {"name": "suite", "value": "test_homepage"}, {"name": "subSuite", "value": "TestHomepage"}, {"name": "host", "value": "Chethans-MacBook-Pro.local"}, {"name": "thread", "value": "6017-MainThread"}, {"name": "framework", "value": "pytest"}, {"name": "language", "value": "cpython3"}, {"name": "package", "value": "Tests.test_homepage"}]}