{"name": "test_login_page", "status": "failed", "statusDetails": {"message": "AssertionError: Expected error message 'Epic sadface: Username and password do not match any user in ' but got 'Epic sadface: Username and password do not match any user in this service'\nassert 'Epic sadface... this service' == 'Epic sadface... any user in '\n  \n  Skipping 50 identical leading characters in diff, use -v to show\n  - ny user in \n  + ny user in this service", "trace": "self = <Tests.test_negative_login.TestLogin object at 0x105d6f710>, driver = <selenium.webdriver.chrome.webdriver.WebDriver (session=\"4d5917fb27750b118ddb838f1d14e900\")>\n\n    @pytest.mark.sanity\n    def test_login_page(self, driver):\n        Uname = TestData.invalid_Uname\n        password = TestData.Invalid_pass\n    \n        INVALID_LOGIN = LoginPage(driver)\n        INVALID_LOGIN.do_login(Uname,password)\n        time.sleep(10)\n        try:\n            error_message = INVALID_LOGIN.invalid_cred_message_verify()\n        except NoSuchElementException:\n            pytest.fail(\"element has not found\")\n        expected_error_message = \"Epic sadface: Username and password do not match any user in \"\n    \n>       assert error_message == expected_error_message, f\"Expected error message '{expected_error_message}' but got '{error_message}'\"\nE       AssertionError: Expected error message 'Epic sadface: Username and password do not match any user in ' but got 'Epic sadface: Username and password do not match any user in this service'\nE       assert 'Epic sadface... this service' == 'Epic sadface... any user in '\nE         \nE         Skipping 50 identical leading characters in diff, use -v to show\nE         - ny user in \nE         + ny user in this service\n\ntest_negative_login.py:30: AssertionError"}, "start": 1717086739915, "stop": 1717086760184, "uuid": "154391f2-4107-4294-abba-cd99e307bcf4", "historyId": "33087646b8c05de395d0c12a2947dba3", "testCaseId": "33087646b8c05de395d0c12a2947dba3", "fullName": "Tests.test_negative_login.TestLogin#test_login_page", "labels": [{"name": "tag", "value": "sanity"}, {"name": "tag", "value": "@pytest.mark.usefixtures('driver')"}, {"name": "parentSuite", "value": "Tests"}, {"name": "suite", "value": "test_negative_login"}, {"name": "subSuite", "value": "TestLogin"}, {"name": "host", "value": "Chethans-MacBook-Pro.local"}, {"name": "thread", "value": "8371-MainThread"}, {"name": "framework", "value": "pytest"}, {"name": "language", "value": "cpython3"}, {"name": "package", "value": "Tests.test_negative_login"}]}